  main.cpp
C:\Users\emili\Programmazione\Sandbox\neural-net\functions.h(60): warning C4244: 'inizializzazione': conversione da 'int' a 'float'. Possibile perdita di dati.
C:\Users\emili\Programmazione\Sandbox\neural-net\functions.h(61): warning C4244: 'inizializzazione': conversione da 'int' a 'float'. Possibile perdita di dati.
C:\Users\emili\Programmazione\Sandbox\neural-net\functions.h(63): warning C4244: 'inizializzazione': conversione da 'int' a 'float'. Possibile perdita di dati.
C:\Users\emili\Programmazione\Sandbox\neural-net\functions.h(64): warning C4244: 'inizializzazione': conversione da 'int' a 'float'. Possibile perdita di dati.
C:\Users\emili\Programmazione\Sandbox\neural-net\functions.h(66): warning C4244: 'inizializzazione': conversione da 'int' a 'float'. Possibile perdita di dati.
C:\Users\emili\Programmazione\Sandbox\neural-net\functions.h(67): warning C4244: 'inizializzazione': conversione da 'int' a 'float'. Possibile perdita di dati.
C:\Users\emili\Programmazione\Sandbox\neural-net\functions.h(81): warning C4244: 'inizializzazione': conversione da 'int' a 'float'. Possibile perdita di dati.
C:\Users\emili\Programmazione\Sandbox\neural-net\functions.h(82): warning C4244: 'inizializzazione': conversione da 'int' a 'float'. Possibile perdita di dati.
C:\Users\emili\Programmazione\Sandbox\neural-net\functions.h(101): warning C4244: '=': conversione da 'float' a 'int'. Possibile perdita di dati.
C:\Users\emili\Programmazione\Sandbox\neural-net\functions.h(102): warning C4244: '=': conversione da 'float' a 'int'. Possibile perdita di dati.
C:\Users\emili\Programmazione\Sandbox\neural-net\functions.h(103): warning C4244: 'return': conversione da 'double' a 'float'. Possibile perdita di dati.
C:\Users\emili\Programmazione\Sandbox\neural-net\functions.h(110): warning C4806: '==': operazione non affidabile: nessun valore di tipo 'bool' promosso al tipo 'const unsigned int' può eguagliare la costante data
C:\Users\emili\Programmazione\Sandbox\neural-net\net.h(38): warning C4244: 'argomento': conversione da 'double' a 'const unsigned int'. Possibile perdita di dati.
C:\Users\emili\Programmazione\Sandbox\neural-net\net.h(39): warning C4244: 'argomento': conversione da 'double' a 'const unsigned int'. Possibile perdita di dati.
C:\Users\emili\Programmazione\Sandbox\neural-net\net.h(40): warning C4244: 'argomento': conversione da 'double' a 'const unsigned int'. Possibile perdita di dati.
C:\Users\emili\Programmazione\Sandbox\neural-net\net.h(46): warning C4018: '<': errata corrispondenza tra signed e unsigned
C:\Users\emili\Programmazione\Sandbox\neural-net\net.h(47): warning C4018: '<': errata corrispondenza tra signed e unsigned
C:\Users\emili\Programmazione\Sandbox\neural-net\net.h(48): warning C4018: '<': errata corrispondenza tra signed e unsigned
C:\Users\emili\Programmazione\Sandbox\neural-net\net.h(61): warning C4018: '<': errata corrispondenza tra signed e unsigned
C:\Users\emili\Programmazione\Sandbox\neural-net\net.h(72): warning C4018: '<': errata corrispondenza tra signed e unsigned
C:\Users\emili\Programmazione\Sandbox\neural-net\net.h(90): warning C4018: '<': errata corrispondenza tra signed e unsigned
C:\Users\emili\Programmazione\Sandbox\neural-net\net.h(137): warning C4018: '<': errata corrispondenza tra signed e unsigned
C:\Users\emili\Programmazione\Sandbox\neural-net\net.h(138): warning C4018: '<': errata corrispondenza tra signed e unsigned
C:\Users\emili\Programmazione\Sandbox\neural-net\net.h(139): warning C4018: '<': errata corrispondenza tra signed e unsigned
C:\Users\emili\Programmazione\Sandbox\neural-net\net.h(160): warning C4018: '<': errata corrispondenza tra signed e unsigned
C:\Users\emili\Programmazione\Sandbox\neural-net\simulation.h(66): warning C4244: 'argomento': conversione da 'float' a 'int'. Possibile perdita di dati.
C:\Users\emili\Programmazione\Sandbox\neural-net\simulation.h(66): warning C4244: 'inizializzazione': conversione da 'double' a 'float'. Possibile perdita di dati.
C:\Users\emili\Programmazione\Sandbox\neural-net\simulation.h(70): warning C4244: 'inizializzazione': conversione da 'double' a 'float'. Possibile perdita di dati.
C:\Users\emili\Programmazione\Sandbox\neural-net\simulation.h(72): warning C4244: '=': conversione da 'double' a 'int'. Possibile perdita di dati.
C:\Users\emili\Programmazione\Sandbox\neural-net\simulation.h(73): warning C4244: '=': conversione da 'double' a 'int'. Possibile perdita di dati.
C:\Users\emili\Programmazione\Sandbox\neural-net\simulation.h(74): warning C4244: 'argomento': conversione da 'double' a 'int'. Possibile perdita di dati.
C:\Users\emili\Programmazione\Sandbox\neural-net\simulation.h(74): warning C4244: 'inizializzazione': conversione da 'double' a 'float'. Possibile perdita di dati.
C:\Users\emili\Programmazione\Sandbox\neural-net\simulation.h(89): warning C4244: 'argomento': conversione da 'double' a 'int'. Possibile perdita di dati.
C:\Users\emili\Programmazione\Sandbox\neural-net\simulation.h(90): warning C4244: 'argomento': conversione da 'double' a 'int'. Possibile perdita di dati.
C:\Users\emili\Programmazione\Sandbox\neural-net\simulation.h(92): warning C4244: 'inizializzazione': conversione da 'double' a 'float'. Possibile perdita di dati.
C:\Users\emili\Programmazione\Sandbox\neural-net\simulation.h(94): warning C4244: '=': conversione da 'float' a 'int'. Possibile perdita di dati.
C:\Users\emili\Programmazione\Sandbox\neural-net\simulation.h(95): warning C4244: '=': conversione da 'float' a 'int'. Possibile perdita di dati.
C:\Users\emili\Programmazione\Sandbox\neural-net\simulation.h(97): warning C4244: '=': conversione da 'float' a 'int'. Possibile perdita di dati.
C:\Users\emili\Programmazione\Sandbox\neural-net\simulation.h(98): warning C4244: '=': conversione da 'float' a 'int'. Possibile perdita di dati.
C:\Users\emili\Programmazione\Sandbox\neural-net\simulation.h(100): warning C4018: '<': errata corrispondenza tra signed e unsigned
C:\Users\emili\Programmazione\Sandbox\neural-net\simulation.h(102): warning C4244: 'inizializzazione': conversione da 'double' a 'float'. Possibile perdita di dati.
C:\Users\emili\Programmazione\Sandbox\neural-net\simulation.h(104): warning C4244: '=': conversione da 'float' a 'int'. Possibile perdita di dati.
C:\Users\emili\Programmazione\Sandbox\neural-net\simulation.h(105): warning C4244: '=': conversione da 'float' a 'int'. Possibile perdita di dati.
C:\Users\emili\Programmazione\Sandbox\neural-net\simulation.h(107): warning C4244: '=': conversione da 'float' a 'int'. Possibile perdita di dati.
C:\Users\emili\Programmazione\Sandbox\neural-net\simulation.h(108): warning C4244: '=': conversione da 'float' a 'int'. Possibile perdita di dati.
C:\Users\emili\Programmazione\Sandbox\neural-net\simulation.h(111): warning C4244: 'argomento': conversione da 'double' a 'int'. Possibile perdita di dati.
C:\Users\emili\Programmazione\Sandbox\neural-net\simulation.h(112): warning C4244: 'argomento': conversione da 'double' a 'int'. Possibile perdita di dati.
C:\Users\emili\Programmazione\Sandbox\neural-net\simulation.h(114): warning C4244: 'argomento': conversione da 'double' a 'int'. Possibile perdita di dati.
C:\Users\emili\Programmazione\Sandbox\neural-net\simulation.h(121): warning C4244: '=': conversione da 'double' a 'int'. Possibile perdita di dati.
C:\Users\emili\Programmazione\Sandbox\neural-net\simulation.h(122): warning C4244: '=': conversione da 'double' a 'int'. Possibile perdita di dati.
C:\Users\emili\Programmazione\Sandbox\neural-net\simulation.h(123): warning C4244: '=': conversione da 'double' a 'int'. Possibile perdita di dati.
C:\Users\emili\Programmazione\Sandbox\neural-net\simulation.h(124): warning C4244: '=': conversione da 'double' a 'int'. Possibile perdita di dati.
C:\Users\emili\Programmazione\Sandbox\neural-net\simulation.h(130): warning C4244: 'argomento': conversione da 'double' a 'int'. Possibile perdita di dati.
C:\Users\emili\Programmazione\Sandbox\neural-net\simulation.h(136): warning C4838: la conversione da 'double' a 'int' richiede una conversione verso un tipo di dati più piccolo
C:\Users\emili\Programmazione\Sandbox\neural-net\simulation.h(133): warning C4244: 'inizializzazione': conversione da 'double' a 'int'. Possibile perdita di dati.
C:\Users\emili\Programmazione\Sandbox\neural-net\simulation.h(134): warning C4244: 'inizializzazione': conversione da 'double' a 'int'. Possibile perdita di dati.
C:\Users\emili\Programmazione\Sandbox\neural-net\simulation.h(135): warning C4244: 'inizializzazione': conversione da 'double' a 'int'. Possibile perdita di dati.
C:\Users\emili\Programmazione\Sandbox\neural-net\simulation.h(136): warning C4244: 'inizializzazione': conversione da 'double' a 'int'. Possibile perdita di dati.
C:\Users\emili\Programmazione\Sandbox\neural-net\simulation.h(153): warning C4244: '=': conversione da 'double' a 'float'. Possibile perdita di dati.
C:\Users\emili\Programmazione\Sandbox\neural-net\simulation.h(154): warning C4244: '+=': conversione da 'double' a 'float'. Possibile perdita di dati.
C:\Users\emili\Programmazione\Sandbox\neural-net\simulation.h(171): warning C4244: '+=': conversione da 'double' a 'int'. Possibile perdita di dati.
C:\Users\emili\Programmazione\Sandbox\neural-net\simulation.h(172): warning C4244: '+=': conversione da 'double' a 'int'. Possibile perdita di dati.
C:\Users\emili\Programmazione\Sandbox\neural-net\simulation.h(175): warning C4838: la conversione da 'double' a 'int' richiede una conversione verso un tipo di dati più piccolo
C:\Users\emili\Programmazione\Sandbox\neural-net\simulation.h(175): warning C4244: 'inizializzazione': conversione da 'double' a 'int'. Possibile perdita di dati.
C:\Users\emili\Programmazione\Sandbox\neural-net\simulation.h(179): warning C4244: 'inizializzazione': conversione da 'double' a 'float'. Possibile perdita di dati.
C:\Users\emili\Programmazione\Sandbox\neural-net\simulation.h(181): warning C4244: '=': conversione da 'float' a 'int'. Possibile perdita di dati.
C:\Users\emili\Programmazione\Sandbox\neural-net\simulation.h(182): warning C4244: '=': conversione da 'float' a 'int'. Possibile perdita di dati.
C:\Users\emili\Programmazione\Sandbox\neural-net\simulation.h(184): warning C4244: '=': conversione da 'float' a 'int'. Possibile perdita di dati.
C:\Users\emili\Programmazione\Sandbox\neural-net\simulation.h(185): warning C4244: '=': conversione da 'float' a 'int'. Possibile perdita di dati.
C:\Users\emili\Programmazione\Sandbox\neural-net\simulation.h(187): warning C4018: '<': errata corrispondenza tra signed e unsigned
C:\Users\emili\Programmazione\Sandbox\neural-net\simulation.h(188): warning C4244: 'inizializzazione': conversione da 'double' a 'float'. Possibile perdita di dati.
C:\Users\emili\Programmazione\Sandbox\neural-net\simulation.h(190): warning C4244: '=': conversione da 'float' a 'int'. Possibile perdita di dati.
C:\Users\emili\Programmazione\Sandbox\neural-net\simulation.h(191): warning C4244: '=': conversione da 'float' a 'int'. Possibile perdita di dati.
C:\Users\emili\Programmazione\Sandbox\neural-net\simulation.h(193): warning C4244: '=': conversione da 'float' a 'int'. Possibile perdita di dati.
C:\Users\emili\Programmazione\Sandbox\neural-net\simulation.h(194): warning C4244: '=': conversione da 'float' a 'int'. Possibile perdita di dati.
C:\Users\emili\Programmazione\Sandbox\neural-net\simulation.h(221): warning C4244: '+=': conversione da 'double' a 'float'. Possibile perdita di dati.
C:\Users\emili\Programmazione\Sandbox\neural-net\SDLnet.h(211): warning C4018: '<': errata corrispondenza tra signed e unsigned
C:\Users\emili\Programmazione\Sandbox\neural-net\SDLnet.h(213): warning C4244: 'argomento': conversione da 'double' a 'int'. Possibile perdita di dati.
C:\Users\emili\Programmazione\Sandbox\neural-net\SDLnet.h(214): warning C4244: 'argomento': conversione da 'double' a 'int'. Possibile perdita di dati.
C:\Users\emili\Programmazione\Sandbox\neural-net\SDLnet.h(231): warning C4244: '=': conversione da 'double' a 'int'. Possibile perdita di dati.
C:\Users\emili\Programmazione\Sandbox\neural-net\SDLnet.h(240): warning C4244: '=': conversione da 'double' a 'int'. Possibile perdita di dati.
C:\Users\emili\Programmazione\Sandbox\neural-net\SDLnet.h(253): warning C4018: '<': errata corrispondenza tra signed e unsigned
C:\Users\emili\Programmazione\Sandbox\neural-net\SDLnet.h(258): warning C4244: 'argomento': conversione da 'double' a 'int'. Possibile perdita di dati.
C:\Users\emili\Programmazione\Sandbox\neural-net\SDLnet.h(261): warning C4018: '<': errata corrispondenza tra signed e unsigned
C:\Users\emili\Programmazione\Sandbox\neural-net\SDLnet.h(297): warning C4018: '<': errata corrispondenza tra signed e unsigned
C:\Users\emili\Programmazione\Sandbox\neural-net\SDLnet.h(299): warning C4018: '>': errata corrispondenza tra signed e unsigned
C:\Users\emili\Programmazione\Sandbox\neural-net\SDLnet.h(317): warning C4244: '=': conversione da 'unsigned int' a 'float'. Possibile perdita di dati.
C:\Users\emili\Programmazione\Sandbox\neural-net\SDLnet.h(359): warning C4305: '+=': troncamento da 'double' a 'float'
C:\Users\emili\Programmazione\Sandbox\neural-net\SDLnet.h(360): warning C4305: '-=': troncamento da 'double' a 'float'
C:\Users\emili\Programmazione\Sandbox\neural-net\SDLnet.h(374): warning C4305: '+=': troncamento da 'double' a 'float'
C:\Users\emili\Programmazione\Sandbox\neural-net\SDLnet.h(375): warning C4305: '-=': troncamento da 'double' a 'float'
C:\Users\emili\Programmazione\Sandbox\neural-net\SDLnet.h(387): warning C4305: '+=': troncamento da 'double' a 'float'
C:\Users\emili\Programmazione\Sandbox\neural-net\SDLnet.h(388): warning C4305: '-=': troncamento da 'double' a 'float'
C:\Users\emili\Programmazione\Sandbox\neural-net\SDLnet.h(393): warning C4244: 'argomento': conversione da 'float' a 'int'. Possibile perdita di dati.
C:\Users\emili\Programmazione\Sandbox\neural-net\SDLnet.h(401): warning C4244: '=': conversione da 'unsigned int' a 'float'. Possibile perdita di dati.
C:\Users\emili\Programmazione\Sandbox\neural-net\genetic.h(47): warning C4244: 'argomento': conversione da 'Sint32' a 'float'. Possibile perdita di dati.
C:\Users\emili\Programmazione\Sandbox\neural-net\genetic.h(80): warning C4018: '<': errata corrispondenza tra signed e unsigned
C:\Users\emili\Programmazione\Sandbox\neural-net\genetic.h(81): warning C4244: 'inizializzazione': conversione da '_Ty1' a 'int'. Possibile perdita di dati.
          with
          [
              _Ty1=float
          ]
C:\Users\emili\Programmazione\Sandbox\neural-net\genetic.h(96): warning C4244: 'argomento': conversione da 'double' a 'const unsigned int'. Possibile perdita di dati.
C:\Users\emili\Programmazione\Sandbox\neural-net\genetic.h(97): warning C4244: 'argomento': conversione da 'double' a 'const unsigned int'. Possibile perdita di dati.
C:\Users\emili\Programmazione\Sandbox\neural-net\genetic.h(100): warning C4018: '<': errata corrispondenza tra signed e unsigned
C:\Program Files (x86)\Microsoft Visual Studio\2019\Preview\VC\Tools\MSVC\14.20.27027\include\utility(123): warning C4244: 'inizializzazione': conversione da '_Ty' a '_Ty1'. Possibile perdita di dati.
          with
          [
              _Ty=int
          ]
          and
          [
              _Ty1=float
          ]
  C:\Users\emili\Programmazione\Sandbox\neural-net\simulation.h(12): note: vedere il riferimento all'istanza '<Sconosciuto>' della funzione <Sconosciuto> di cui è in corso la compilazione
  C:\Users\emili\Programmazione\Sandbox\neural-net\simulation.h(12): note: vedere il riferimento all'istanza '<Sconosciuto>' della funzione <Sconosciuto> di cui è in corso la compilazione
C:\Program Files (x86)\Microsoft Visual Studio\2019\Preview\VC\Tools\MSVC\14.20.27027\include\utility(123): warning C4244: 'inizializzazione': conversione da '_Ty' a '_Ty2'. Possibile perdita di dati.
          with
          [
              _Ty=int
          ]
          and
          [
              _Ty2=float
          ]
C:\Users\emili\Programmazione\Sandbox\neural-net\functions.h(46): warning C4715: 'newmap': non tutti i percorsi di controllo restituiscono un valore
  neural-net.vcxproj -> C:\Users\emili\Programmazione\Sandbox\neural-net\Debug\neural-net.exe
