Compiling the C compiler identification source file "CMakeCCompilerId.c" failed.
Compiler: C:/Program Files (x86)/Microsoft Visual Studio/2017/Community/VC/Tools/MSVC/14.15.26726/bin/Hostx86/x86/cl.exe 
Build flags: 
Id flags:  

The output was:
2
Microsoft (R) C/C++ Optimizing Compiler versione 19.15.26729 per x86
Copyright (C) Microsoft Corporation. Tutti i diritti  sono riservati.

CMakeCCompilerId.c
Microsoft (R) Incremental Linker Version 14.15.26729.0
Copyright (C) Microsoft Corporation.  All rights reserved.

/out:CMakeCCompilerId.exe 
CMakeCCompilerId.obj 
LINK : fatal error LNK1104: impossibile aprire il file 'LIBCMT.lib'


Compiling the CXX compiler identification source file "CMakeCXXCompilerId.cpp" failed.
Compiler: C:/Program Files (x86)/Microsoft Visual Studio/2017/Community/VC/Tools/MSVC/14.15.26726/bin/Hostx86/x86/cl.exe 
Build flags: 
Id flags:  

The output was:
2
Microsoft (R) C/C++ Optimizing Compiler versione 19.15.26729 per x86
Copyright (C) Microsoft Corporation. Tutti i diritti  sono riservati.

CMakeCXXCompilerId.cpp
Microsoft (R) Incremental Linker Version 14.15.26729.0
Copyright (C) Microsoft Corporation.  All rights reserved.

/out:CMakeCXXCompilerId.exe 
CMakeCXXCompilerId.obj 
LINK : fatal error LNK1104: impossibile aprire il file 'LIBCMT.lib'


Determining if the C compiler works failed with the following output:
Change Dir: C:/Users/emili/Documents/GitHub/neural-net/cmake-build-debug/CMakeFiles/CMakeTmp

Run Build Command:"nmake" "/nologo" "cmTC_d0784\fast"
	"C:\Program Files (x86)\Microsoft Visual Studio\2017\Community\VC\Tools\MSVC\14.15.26726\bin\HostX86\x86\nmake.exe" -f CMakeFiles\cmTC_d0784.dir\build.make /nologo -L                  CMakeFiles\cmTC_d0784.dir\build
Building C object CMakeFiles/cmTC_d0784.dir/testCCompiler.c.obj
	C:\PROGRA~2\MICROS~3\2017\COMMUN~1\VC\Tools\MSVC\1415~1.267\bin\Hostx86\x86\cl.exe @C:\Users\emili\AppData\Local\Temp\nm6B05.tmp
testCCompiler.c
Linking C executable cmTC_d0784.exe
	"C:\Program Files\JetBrains\CLion 2018.2.3\bin\cmake\win\bin\cmake.exe" -E vs_link_exe --intdir=CMakeFiles\cmTC_d0784.dir --manifests  -- C:\PROGRA~2\MICROS~3\2017\COMMUN~1\VC\Tools\MSVC\1415~1.267\bin\Hostx86\x86\link.exe /nologo @CMakeFiles\cmTC_d0784.dir\objects1.rsp @C:\Users\emili\AppData\Local\Temp\nm6C3E.tmp
LINK Pass 1: command "C:\PROGRA~2\MICROS~3\2017\COMMUN~1\VC\Tools\MSVC\1415~1.267\bin\Hostx86\x86\link.exe /nologo @CMakeFiles\cmTC_d0784.dir\objects1.rsp /out:cmTC_d0784.exe /implib:cmTC_d0784.lib /pdb:C:\Users\emili\Documents\GitHub\neural-net\cmake-build-debug\CMakeFiles\CMakeTmp\cmTC_d0784.pdb /version:0.0 /machine:X86 /debug /INCREMENTAL /subsystem:console kernel32.lib user32.lib gdi32.lib winspool.lib shell32.lib ole32.lib oleaut32.lib uuid.lib comdlg32.lib advapi32.lib /MANIFEST /MANIFESTFILE:CMakeFiles\cmTC_d0784.dir/intermediate.manifest CMakeFiles\cmTC_d0784.dir/manifest.res" failed (exit code 1120) with the following output:
MSVCRTD.lib(utility_app.obj) : error LNK2019: riferimento al simbolo esterno __imp__RoInitialize@4 non risolto nella funzione ___scrt_initialize_winrt
cmTC_d0784.exe : fatal error LNK1120: 1 esterni non risolti
NMAKE : fatal error U1077: '"C:\Program Files\JetBrains\CLion 2018.2.3\bin\cmake\win\bin\cmake.exe"' : codice restituito '0xffffffff'
Stop.
NMAKE : fatal error U1077: '"C:\Program Files (x86)\Microsoft Visual Studio\2017\Community\VC\Tools\MSVC\14.15.26726\bin\HostX86\x86\nmake.exe"' : codice restituito '0x2'
Stop.


