The system is: Windows - 10.0.17134 - AMD64
Compiling the C compiler identification source file "CMakeCCompilerId.c" succeeded.
Compiler: C:/Program Files (x86)/Microsoft Visual Studio/2017/Community/VC/Tools/MSVC/14.15.26726/bin/Hostx86/x86/cl.exe 
Build flags: 
Id flags: -c 

The output was:
0
Microsoft (R) C/C++ Optimizing Compiler versione 19.15.26729 per x86
Copyright (C) Microsoft Corporation. Tutti i diritti  sono riservati.

CMakeCCompilerId.c


Compilation of the C compiler identification source "CMakeCCompilerId.c" produced "CMakeCCompilerId.obj"

The C compiler identification is MSVC, found in "C:/Users/emili/Documents/GitHub/neural-net/cmake-build-debug/CMakeFiles/3.12.1/CompilerIdC/CMakeCCompilerId.obj"

Compiling the CXX compiler identification source file "CMakeCXXCompilerId.cpp" succeeded.
Compiler: C:/Program Files (x86)/Microsoft Visual Studio/2017/Community/VC/Tools/MSVC/14.15.26726/bin/Hostx86/x86/cl.exe 
Build flags: 
Id flags: -c 

The output was:
0
Microsoft (R) C/C++ Optimizing Compiler versione 19.15.26729 per x86
Copyright (C) Microsoft Corporation. Tutti i diritti  sono riservati.

CMakeCXXCompilerId.cpp


Compilation of the CXX compiler identification source "CMakeCXXCompilerId.cpp" produced "CMakeCXXCompilerId.obj"

The CXX compiler identification is MSVC, found in "C:/Users/emili/Documents/GitHub/neural-net/cmake-build-debug/CMakeFiles/3.12.1/CompilerIdCXX/CMakeCXXCompilerId.obj"

